<?xml version="1.0" encoding="UTF-8"?>
<!-- Generated by org.testng.reporters.JUnitXMLReporter -->
<testsuite ignored="1" hostname="LAPTOP-EMILY" failures="0" tests="2" name="AutomationScripts" time="22.881" errors="0" timestamp="2023-04-12T03:56:40 IST">
  <testcase classname="com.regression.BankManagerOperations" name="testCase" time="4.868"/>
  <testcase classname="com.regression.CustomerOperations" name="testCase" time="7.107"/>
  <testcase classname="com.core.Setup" name="@BeforeSuite generateReports" time="0.0">
    <ignored/>
  </testcase> <!-- @BeforeSuite generateReports -->
</testsuite> <!-- AutomationScripts -->
