<?xml version="1.0" encoding="UTF-8"?>
<testng-results ignored="0" total="1" passed="1" failed="0" skipped="0">
  <reporter-output>
  </reporter-output>
  <suite started-at="2023-04-11T20:10:26 IST" name="Default suite" finished-at="2023-04-11T20:10:33 IST" duration-ms="6297">
    <groups>
    </groups>
    <test started-at="2023-04-11T20:10:26 IST" name="Default test" finished-at="2023-04-11T20:10:33 IST" duration-ms="6297">
      <class name="com.regression.BankManagerOperations">
        <test-method is-config="true" signature="generateReports()[pri:0, instance:com.regression.BankManagerOperations@57d7f8ca]" started-at="2023-04-11T20:10:26 IST" name="generateReports" finished-at="2023-04-11T20:10:26 IST" duration-ms="218" status="PASS">
          <reporter-output>
          </reporter-output>
        </test-method> <!-- generateReports -->
        <test-method is-config="true" signature="beforeMethod()[pri:0, instance:com.regression.BankManagerOperations@57d7f8ca]" started-at="2023-04-11T20:10:26 IST" name="beforeMethod" finished-at="2023-04-11T20:10:29 IST" duration-ms="2708" status="PASS">
          <reporter-output>
          </reporter-output>
        </test-method> <!-- beforeMethod -->
        <test-method signature="testCase()[pri:0, instance:com.regression.BankManagerOperations@57d7f8ca]" started-at="2023-04-11T20:10:29 IST" name="testCase" finished-at="2023-04-11T20:10:32 IST" duration-ms="3143" status="PASS">
          <reporter-output>
          </reporter-output>
        </test-method> <!-- testCase -->
        <test-method is-config="true" signature="afterMethod()[pri:0, instance:com.regression.BankManagerOperations@57d7f8ca]" started-at="2023-04-11T20:10:32 IST" name="afterMethod" finished-at="2023-04-11T20:10:33 IST" duration-ms="422" status="PASS">
          <reporter-output>
          </reporter-output>
        </test-method> <!-- afterMethod -->
      </class> <!-- com.regression.BankManagerOperations -->
    </test> <!-- Default test -->
  </suite> <!-- Default suite -->
</testng-results>
